Сборка начата 17.02.2023 16:57:59.
Уровень детализации журнала: Normal.     1>Проект "C:\KPO\lab01\lab01\lab01.vcxproj" в узле 2 (целевые объекты Build).
     1>InitializeBuildStatus:
         Creating "arm64\Debug\lab01.tlog\unsuccessfulbuild" because "AlwaysCreate" was specified.
       ClCompile:
         All outputs are up-to-date.
         C:\Program Files\Microsoft Visual Studio\2022\Community\VC\Tools\MSVC\14.34.31933\bin\HostArm64\arm64\CL.exe /c /ZI /JMC /nologo /W3 /WX- /diagnostics:column /sdl /Od /Oy- /D _DEBUG /D _CONSOLE /D _ARM64_WINAPI_PARTITION_DESKTOP_SDK_AVAILABLE=1 /D _UNICODE /D UNICODE /Gm- /EHsc /RTC1 /MDd /GS /fp:precise /Zc:wchar_t /Zc:forScope /Zc:inline /permissive- /Yu"stdafx.h" /Fp"arm64\Debug\lab01.pch" /FAcs /Fa"arm64\Debug\\" /Fo"arm64\Debug\\" /Fd"arm64\Debug\vc143.pdb" /external:W3 /Gd /TP /analyze- /FC /errorReport:prompt lab01.cpp
         lab01.cpp
       Link:
         C:\Program Files\Microsoft Visual Studio\2022\Community\VC\Tools\MSVC\14.34.31933\bin\HostArm64\arm64\link.exe /ERRORREPORT:PROMPT /OUT:"C:\KPO\lab01\lab01\arm64\Debug\lab01.exe" /INCREMENTAL /ILK:"arm64\Debug\lab01.ilk" /NOLOGO kernel32.lib user32.lib gdi32.lib winspool.lib comdlg32.lib advapi32.lib shell32.lib ole32.lib oleaut32.lib uuid.lib odbc32.lib odbccp32.lib /MANIFEST /MANIFESTUAC:"level='asInvoker' uiAccess='false'" /manifest:embed /DEBUG /PDB:"C:\KPO\lab01\lab01\arm64\Debug\lab01.pdb" /SUBSYSTEM:CONSOLE /TLBID:1 /DYNAMICBASE /NXCOMPAT /IMPLIB:"C:\KPO\lab01\lab01\arm64\Debug\lab01.lib" /MACHINE:ARM64 arm64\Debug\lab01.obj
         arm64\Debug\leap.obj
         arm64\Debug\numofday.obj
         arm64\Debug\stdafx.obj
         lab01.vcxproj -> C:\KPO\lab01\lab01\arm64\Debug\lab01.exe
       FinalizeBuildStatus:
         Deleting file "arm64\Debug\lab01.tlog\unsuccessfulbuild".
         Touching "arm64\Debug\lab01.tlog\lab01.lastbuildstate".
     1>Сборка проекта "C:\KPO\lab01\lab01\lab01.vcxproj" завершена (целевые объекты Build).

Сборка успешно завершена.
    Предупреждений: 0
    Ошибок: 0

Прошло времени 00:00:01.15
